0 info it worked if it ends with ok
1 verbose cli [ 'C:\\Program Files\\nodejs\\node.exe',
1 verbose cli   'C:\\Program Files\\nodejs\\node_modules\\npm\\bin\\npm-cli.js',
1 verbose cli   'start' ]
2 info using npm@3.10.10
3 info using node@v6.10.1
4 verbose run-script [ 'prestart', 'start', 'poststart' ]
5 info lifecycle yoki@1.0.0~prestart: yoki@1.0.0
6 silly lifecycle yoki@1.0.0~prestart: no script for prestart, continuing
7 info lifecycle yoki@1.0.0~start: yoki@1.0.0
8 verbose lifecycle yoki@1.0.0~start: unsafe-perm in lifecycle true
9 verbose lifecycle yoki@1.0.0~start: PATH: C:\Users\Administrator\AppData\Roaming\nvm\v6.10.1\node_modules\npm\bin\node-gyp-bin;E:\test\other\node_modules\.bin;C:\Windows\system32;C:\Windows;C:\Windows\System32\Wbem;C:\Windows\System32\WindowsPowerShell\v1.0\;C:\Program Files\Git\cmd;C:\Program Files\TortoiseGit\bin;C:\Users\Administrator\AppData\Roaming\nvm;C:\Program Files\nodejs;C:\Program Files\Calibre2\;C:\Users\Administrator\AppData\Local\Programs\Python\Python35\Scripts\;C:\Users\Administrator\AppData\Local\Programs\Python\Python35\;D:\Microsoft VS Code\bin;C:\Users\Administrator\AppData\Roaming\npm;C:\Users\Administrator\AppData\Roaming\nvm;C:\Program Files\nodejs
10 verbose lifecycle yoki@1.0.0~start: CWD: E:\test\other
11 silly lifecycle yoki@1.0.0~start: Args: [ '/d /s /c', 'http-server -a 127.0.0.1 -p 8090' ]
12 silly lifecycle yoki@1.0.0~start: Returned: code: 3221225786  signal: null
13 info lifecycle yoki@1.0.0~start: Failed to exec start script
14 verbose stack Error: yoki@1.0.0 start: `http-server -a 127.0.0.1 -p 8090`
14 verbose stack Exit status 3221225786
14 verbose stack     at EventEmitter.<anonymous> (C:\Users\Administrator\AppData\Roaming\nvm\v6.10.1\node_modules\npm\lib\utils\lifecycle.js:255:16)
14 verbose stack     at emitTwo (events.js:106:13)
14 verbose stack     at EventEmitter.emit (events.js:191:7)
14 verbose stack     at ChildProcess.<anonymous> (C:\Users\Administrator\AppData\Roaming\nvm\v6.10.1\node_modules\npm\lib\utils\spawn.js:40:14)
14 verbose stack     at emitTwo (events.js:106:13)
14 verbose stack     at ChildProcess.emit (events.js:191:7)
14 verbose stack     at maybeClose (internal/child_process.js:886:16)
14 verbose stack     at Process.ChildProcess._handle.onexit (internal/child_process.js:226:5)
15 verbose pkgid yoki@1.0.0
16 verbose cwd E:\test\other
17 error Windows_NT 6.1.7601
18 error argv "C:\\Program Files\\nodejs\\node.exe" "C:\\Program Files\\nodejs\\node_modules\\npm\\bin\\npm-cli.js" "start"
19 error node v6.10.1
20 error npm  v3.10.10
21 error code ELIFECYCLE
22 error yoki@1.0.0 start: `http-server -a 127.0.0.1 -p 8090`
22 error Exit status 3221225786
23 error Failed at the yoki@1.0.0 start script 'http-server -a 127.0.0.1 -p 8090'.
23 error Make sure you have the latest version of node.js and npm installed.
23 error If you do, this is most likely a problem with the yoki package,
23 error not with npm itself.
23 error Tell the author that this fails on your system:
23 error     http-server -a 127.0.0.1 -p 8090
23 error You can get information on how to open an issue for this project with:
23 error     npm bugs yoki
23 error Or if that isn't available, you can get their info via:
23 error     npm owner ls yoki
23 error There is likely additional logging output above.
24 verbose exit [ 1, true ]
